<?xml version="1.0" encoding="UTF-8"?>
<!-- Generated by org.testng.reporters.JUnitXMLReporter -->
<testsuite ignored="0" hostname="DESKTOP-6VONML0" failures="0" tests="1" name="Default test" time="0.083" errors="0" timestamp="2022-05-23T17:26:32 IST">
  <testcase classname="Com.sdet34l1.genericUtilty.BaseClass" name="@BeforeClass beforeClass1Test" time="-1.653306992814E9">
    <failure type="org.testng.TestNGException" message="
Parameter &amp;apos;browser&amp;apos; is required by BeforeClass on method beforeClass1Test but has not been marked @Optional or defined
in C:\Program Files\KMSpico\temp\testng-eclipse-762619731\testng-customsuite.xml">
      <![CDATA[org.testng.TestNGException: 
Parameter 'browser' is required by BeforeClass on method beforeClass1Test but has not been marked @Optional or defined
in C:\Program Files\KMSpico\temp\testng-eclipse-762619731\testng-customsuite.xml
at org.testng.internal.Parameters.createParams(Parameters.java:270)
at org.testng.internal.Parameters.createParametersForMethod(Parameters.java:358)
at org.testng.internal.Parameters.createParameters(Parameters.java:700)
at org.testng.internal.Parameters.createConfigurationParameters(Parameters.java:168)
at org.testng.internal.ConfigInvoker.invokeConfigurations(ConfigInvoker.java:302)
at org.testng.internal.TestMethodWorker.invokeBeforeClassMethods(TestMethodWorker.java:176)
at org.testng.internal.TestMethodWorker.run(TestMethodWorker.java:122)
at java.base/java.util.ArrayList.forEach(ArrayList.java:1511)
at org.testng.TestRunner.privateRun(TestRunner.java:794)
at org.testng.TestRunner.run(TestRunner.java:596)
at org.testng.SuiteRunner.runTest(SuiteRunner.java:377)
at org.testng.SuiteRunner.runSequentially(SuiteRunner.java:371)
at org.testng.SuiteRunner.privateRun(SuiteRunner.java:332)
at org.testng.SuiteRunner.run(SuiteRunner.java:276)
at org.testng.SuiteRunnerWorker.runSuite(SuiteRunnerWorker.java:53)
at org.testng.SuiteRunnerWorker.run(SuiteRunnerWorker.java:96)
at org.testng.TestNG.runSuitesSequentially(TestNG.java:1212)
at org.testng.TestNG.runSuitesLocally(TestNG.java:1134)
at org.testng.TestNG.runSuites(TestNG.java:1063)
at org.testng.TestNG.run(TestNG.java:1031)
at org.testng.remote.AbstractRemoteTestNG.run(AbstractRemoteTestNG.java:115)
at org.testng.remote.RemoteTestNG.initAndRun(RemoteTestNG.java:251)
at org.testng.remote.RemoteTestNG.main(RemoteTestNG.java:77)
]]>
    </failure>
  </testcase> <!-- @BeforeClass beforeClass1Test -->
  <testcase classname="Com.sdet34l1.genericUtilty.BaseClass" name="@BeforeMethod beforeMethodTest" time="-1.653306992848E9">
    <skipped/>
  </testcase> <!-- @BeforeMethod beforeMethodTest -->
  <testcase classname="Com.sdet34l1.genericUtilty.BaseClass" name="@AfterMethod afteraMethodTest" time="-1.653306992861E9">
    <skipped/>
  </testcase> <!-- @AfterMethod afteraMethodTest -->
  <testcase classname="Com.sdet34l1.genericUtilty.BaseClass" name="@AfterClass afterClass1Test" time="-1.653306992868E9">
    <skipped/>
  </testcase> <!-- @AfterClass afterClass1Test -->
  <testcase classname="Com.vtiger.campagnsTest.CreateCampignsTest" name="createCampaignsTest1" time="0.0">
    <skipped/>
  </testcase> <!-- createCampaignsTest1 -->
</testsuite> <!-- Default test -->
